{
  "stats": {
    "suites": 1,
    "tests": 9,
    "passes": 9,
    "pending": 0,
    "failures": 0,
    "start": "2020-05-31T13:35:54.118Z",
    "end": "2020-05-31T13:37:18.231Z",
    "duration": 84113,
    "testsRegistered": 9,
    "passPercent": 100,
    "pendingPercent": 0,
    "other": 0,
    "hasOther": false,
    "skipped": 0,
    "hasSkipped": false,
    "passPercentClass": "success",
    "pendingPercentClass": "danger"
  },
  "suites": {
    "uuid": "702193e7-653e-4b35-8cbe-374a8de5ca97",
    "title": "",
    "fullFile": "",
    "file": "",
    "beforeHooks": [
      {
        "title": "\"before all\" hook: start server",
        "fullTitle": "\"before all\" hook: start server",
        "timedOut": false,
        "duration": 8389,
        "pass": false,
        "fail": false,
        "pending": false,
        "context": "[\n  \"on_server_started\",\n  \"No file name provided to catch the screen!\"\n]",
        "code": "return __awaiter(this, void 0, void 0, function* () {\n    nativescript_dev_appium_1.nsCapabilities.testReporter.context = this;\n    yield nativescript_dev_appium_1.startServer();\n});",
        "err": {},
        "isRoot": true,
        "uuid": "08c62734-628d-4fa5-8414-572938bef66a",
        "isHook": true,
        "skipped": false
      }
    ],
    "afterHooks": [
      {
        "title": "\"after all\" hook: stop server",
        "fullTitle": "\"after all\" hook: stop server",
        "timedOut": false,
        "duration": 8172,
        "pass": false,
        "fail": false,
        "pending": false,
        "code": "return __awaiter(this, void 0, void 0, function* () {\n    yield nativescript_dev_appium_1.stopServer();\n});",
        "err": {},
        "isRoot": true,
        "uuid": "e2bda278-08b5-4e20-a093-1ce4bb29b2f6",
        "isHook": true,
        "skipped": false
      }
    ],
    "tests": [],
    "suites": [
      {
        "uuid": "9dbedf7c-503e-431b-97af-810797cd51e5",
        "title": "sample scenario",
        "fullFile": "E:\\sucess\\nativescript-weather-app-master\\e2e\\sample.e2e-spec.js",
        "file": "\\e2e\\sample.e2e-spec.js",
        "beforeHooks": [
          {
            "title": "\"before all\" hook",
            "fullTitle": "sample scenario \"before all\" hook",
            "timedOut": false,
            "duration": 34971,
            "pass": false,
            "fail": false,
            "pending": false,
            "context": "[\n  \"appium_driver_started\",\n  \"No file name provided to catch the screen!\"\n]",
            "code": "return __awaiter(this, void 0, void 0, function* () {\n    nativescript_dev_appium_1.nsCapabilities.testReporter.context = this;\n    driver = yield nativescript_dev_appium_1.createDriver();\n});",
            "err": {},
            "isRoot": false,
            "uuid": "8c3be295-62cf-4786-b390-e46f35e8cb00",
            "isHook": true,
            "skipped": false
          }
        ],
        "afterHooks": [
          {
            "title": "\"after all\" hook",
            "fullTitle": "sample scenario \"after all\" hook",
            "timedOut": false,
            "duration": 548,
            "pass": false,
            "fail": false,
            "pending": false,
            "context": "[\n  \"appium_driver_quit\",\n  \"No file name provided to catch the screen!\"\n]",
            "code": "return __awaiter(this, void 0, void 0, function* () {\n    yield driver.quit();\n    console.log(\"Quit driver!\");\n});",
            "err": {},
            "isRoot": false,
            "uuid": "e2933172-a29d-4da0-932b-fd096224c6a5",
            "isHook": true,
            "skipped": false
          }
        ],
        "tests": [
          {
            "title": "App is Opened",
            "fullTitle": "sample scenario App is Opened",
            "timedOut": false,
            "duration": 1,
            "state": "passed",
            "speed": "fast",
            "pass": true,
            "fail": false,
            "pending": false,
            "code": "__awaiter(this, void 0, void 0, function* () {\n            chai_1.assert(true);\n        })",
            "err": {},
            "isRoot": false,
            "uuid": "6f13f0e8-eb0b-43ab-bc3f-f13db8c15ed8",
            "isHook": false,
            "skipped": false
          },
          {
            "title": "Edit Button is present",
            "fullTitle": "sample scenario Edit Button is present",
            "timedOut": false,
            "duration": 1617,
            "state": "passed",
            "speed": "slow",
            "pass": true,
            "fail": false,
            "pending": false,
            "code": "__awaiter(this, void 0, void 0, function* () {\n            const button = yield driver.findElementByText(\"Edit\");\n            const buttonText = yield button.text();\n            chai_1.assert.equal(buttonText, \"Edit\");\n        })",
            "err": {},
            "isRoot": false,
            "uuid": "323fe71d-6c61-4476-b4e7-8c104e0c79d3",
            "isHook": false,
            "skipped": false
          },
          {
            "title": "After Clicking Edit, Close button is present",
            "fullTitle": "sample scenario After Clicking Edit, Close button is present",
            "timedOut": false,
            "duration": 3221,
            "state": "passed",
            "speed": "slow",
            "pass": true,
            "fail": false,
            "pending": false,
            "context": "\"Tap on center element [object Object]\"",
            "code": "__awaiter(this, void 0, void 0, function* () {\n            const editButton = yield driver.findElementByText(\"Edit\");\n            yield editButton.tap();\n            const closeButton = yield driver.findElementByText(\"Close\");\n            const buttonText2 = yield closeButton.text();\n            chai_1.assert.equal(buttonText2, \"Close\");\n        })",
            "err": {},
            "isRoot": false,
            "uuid": "cc685ecd-9852-4bb8-897c-050fdf7343c7",
            "isHook": false,
            "skipped": false
          },
          {
            "title": "After Click Close, Edit button is present",
            "fullTitle": "sample scenario After Click Close, Edit button is present",
            "timedOut": false,
            "duration": 3500,
            "state": "passed",
            "speed": "slow",
            "pass": true,
            "fail": false,
            "pending": false,
            "context": "\"Tap on center element [object Object]\"",
            "code": "__awaiter(this, void 0, void 0, function* () {\n            const closeButton = yield driver.findElementByText(\"Close\");\n            yield closeButton.tap();\n            const againEditButton = yield driver.findElementByText(\"Edit\");\n            const againEditButtonText = yield againEditButton.text();\n            chai_1.assert.equal(againEditButtonText, \"Edit\");\n        })",
            "err": {},
            "isRoot": false,
            "uuid": "dca60ae3-43eb-4555-b232-a39830439829",
            "isHook": false,
            "skipped": false
          },
          {
            "title": "City Name Field is present",
            "fullTitle": "sample scenario City Name Field is present",
            "timedOut": false,
            "duration": 2827,
            "state": "passed",
            "speed": "slow",
            "pass": true,
            "fail": false,
            "pending": false,
            "context": "\"Tap on center element [object Object]\"",
            "code": "__awaiter(this, void 0, void 0, function* () {\n            const button = yield driver.findElementByText(\"Edit\");\n            yield button.tap();\n            const cityField = yield driver.findElementByText(\"Enter Your Location\");\n        })",
            "err": {},
            "isRoot": false,
            "uuid": "c81b1b2e-cb7c-429f-9958-67a1bde5ec3f",
            "isHook": false,
            "skipped": false
          },
          {
            "title": "City Name Field is empty initially",
            "fullTitle": "sample scenario City Name Field is empty initially",
            "timedOut": false,
            "duration": 1247,
            "state": "passed",
            "speed": "slow",
            "pass": true,
            "fail": false,
            "pending": false,
            "code": "__awaiter(this, void 0, void 0, function* () {\n            let cityField = yield driver.findElementByText(\"Enter Your Location\");\n            let cityFieldText = yield cityField.text();\n            chai_1.assert.equal(cityFieldText.length, 19);\n        })",
            "err": {},
            "isRoot": false,
            "uuid": "4b0e89d2-9ccf-4687-ae21-5f52679cc042",
            "isHook": false,
            "skipped": false
          },
          {
            "title": "Get Weather Data button is present",
            "fullTitle": "sample scenario Get Weather Data button is present",
            "timedOut": false,
            "duration": 445,
            "state": "passed",
            "speed": "slow",
            "pass": true,
            "fail": false,
            "pending": false,
            "code": "__awaiter(this, void 0, void 0, function* () {\n            const getDataButton = yield driver.findElementByText(\"Get Weather Data\");\n        })",
            "err": {},
            "isRoot": false,
            "uuid": "08eeb8bc-c19a-4d04-b9f5-fa5ffe6be26c",
            "isHook": false,
            "skipped": false
          },
          {
            "title": "City Not Found Message is displayed",
            "fullTitle": "sample scenario City Not Found Message is displayed",
            "timedOut": false,
            "duration": 9000,
            "state": "passed",
            "speed": "slow",
            "pass": true,
            "fail": false,
            "pending": false,
            "context": "\"Tap on center element [object Object]\"",
            "code": "__awaiter(this, void 0, void 0, function* () {\n            let cityField = yield driver.findElementByText(\"Enter Your Location\");\n            cityField.type(\"wrong city\");\n            let getDataButton = yield driver.findElementByText(\"Get Weather Data\");\n            yield getDataButton.tap();\n            let cityNotFound = yield driver.findElementByText(\"City Not Found\");\n        })",
            "err": {},
            "isRoot": false,
            "uuid": "6ea7a11e-7a0b-49fd-8d1b-d0222889a967",
            "isHook": false,
            "skipped": false
          },
          {
            "title": "Weather Data is displayed",
            "fullTitle": "sample scenario Weather Data is displayed",
            "timedOut": false,
            "duration": 10134,
            "state": "passed",
            "speed": "slow",
            "pass": true,
            "fail": false,
            "pending": false,
            "context": "\"Tap on center element [object Object]\"",
            "code": "__awaiter(this, void 0, void 0, function* () {\n            let cityField = yield driver.findElementByText(\"Enter Your Location\");\n            cityField.type(\"chennai\");\n            let getDataButton = yield driver.findElementByText(\"Get Weather Data\");\n            yield getDataButton.tap();\n            let DataFound = yield driver.findElementByText(\"City Details\");\n        })",
            "err": {},
            "isRoot": false,
            "uuid": "5c57282a-0fff-40c0-b01f-4257ff4cf806",
            "isHook": false,
            "skipped": false
          }
        ],
        "suites": [],
        "passes": [
          "6f13f0e8-eb0b-43ab-bc3f-f13db8c15ed8",
          "323fe71d-6c61-4476-b4e7-8c104e0c79d3",
          "cc685ecd-9852-4bb8-897c-050fdf7343c7",
          "dca60ae3-43eb-4555-b232-a39830439829",
          "c81b1b2e-cb7c-429f-9958-67a1bde5ec3f",
          "4b0e89d2-9ccf-4687-ae21-5f52679cc042",
          "08eeb8bc-c19a-4d04-b9f5-fa5ffe6be26c",
          "6ea7a11e-7a0b-49fd-8d1b-d0222889a967",
          "5c57282a-0fff-40c0-b01f-4257ff4cf806"
        ],
        "failures": [],
        "pending": [],
        "skipped": [],
        "duration": 31992,
        "root": false,
        "rootEmpty": false,
        "_timeout": 999999
      }
    ],
    "passes": [],
    "failures": [],
    "pending": [],
    "skipped": [],
    "duration": 0,
    "root": true,
    "rootEmpty": true,
    "_timeout": 999999
  },
  "copyrightYear": 2020
}